<?xml version="1.0" encoding="UTF-8"?>
<!-- Generated by org.testng.reporters.JUnitReportReporter -->
<testsuite hostname="DESKTOP-9ADAQ2G" name="com.FirstProject.qa.s" tests="2" failures="0" timestamp="8 Aug 2022 08:30:33 GMT" time="0.011" errors="0">
  <testcase name="f1" time="0.010" classname="com.FirstProject.qa.s"/>
  <testcase name="f2" time="0.001" classname="com.FirstProject.qa.s"/>
</testsuite>
